<?xml version="1.0" encoding="UTF-8"?>
<!-- Generated by org.testng.reporters.JUnitReportReporter -->
<testsuite skipped="1" hostname="bittechs-imac-3.lan" name="com.bit.ui.test.RegresionTest" tests="4" failures="0" timestamp="18 Sep 2018 00:17:48 GMT" time="11.891" errors="0">
  <testcase name="getData" time="6.341" classname="com.bit.ui.test.RegresionTest"/>
  <testcase name="goGoogle" time="1.441" classname="com.bit.ui.test.RegresionTest"/>
  <testcase name="getData" time="4.109" classname="com.bit.ui.test.RegresionTest"/>
  <testcase name="test3" classname="com.bit.ui.test.RegresionTest">
    <skipped/>
  </testcase> <!-- test3 -->
</testsuite> <!-- com.bit.ui.test.RegresionTest -->
