<?xml version="1.0" encoding="UTF-8"?>
<!-- Generated by org.testng.reporters.JUnitReportReporter -->
<testsuite skipped="0" hostname="bittechs-imac-3.lan" name="com.bit.ui.test.IntegrationTest" tests="2" failures="0" timestamp="17 Sep 2018 23:12:34 GMT" time="0.010" errors="0">
  <testcase name="test1" time="0.009" classname="com.bit.ui.test.IntegrationTest"/>
  <testcase name="test2" time="0.001" classname="com.bit.ui.test.IntegrationTest"/>
</testsuite> <!-- com.bit.ui.test.IntegrationTest -->
