<?xml version="1.0" encoding="UTF-8"?>
<!-- Generated by org.testng.reporters.JUnitReportReporter -->
<testsuite skipped="0" hostname="bittechs-imac-3.lan" name="com.bit.ui.test.SmokeTest" tests="1" failures="0" timestamp="15 Oct 2018 23:47:18 GMT" time="14.662" errors="0">
  <testcase name="goYahoo" time="14.662" classname="com.bit.ui.test.SmokeTest"/>
</testsuite> <!-- com.bit.ui.test.SmokeTest -->
